<?xml version="1.0" encoding="UTF-8"?>
<testsuite xmlns:xsi="http://www.w3.org/2001/XMLSchema-instance" xsi:noNamespaceSchemaLocation="https://maven.apache.org/surefire/maven-surefire-plugin/xsd/surefire-test-report-3.0.xsd" version="3.0" name="com.nab.apitest.SecurityTest" time="1.227" tests="4" errors="0" skipped="0" failures="0">
  <properties>
    <property name="java.specification.version" value="20"/>
    <property name="sun.cpu.isalist" value="amd64"/>
    <property name="sun.jnu.encoding" value="Cp1252"/>
    <property name="java.class.path" value="D:\THANHHOANG\4_Training\api-test-nab\target\test-classes;D:\THANHHOANG\4_Training\api-test-nab\target\classes;C:\Users\thanh.hoang\.m2\repository\org\springframework\boot\spring-boot-starter-web\3.1.1\spring-boot-starter-web-3.1.1.jar;C:\Users\thanh.hoang\.m2\repository\org\springframework\boot\spring-boot-starter\3.1.1\spring-boot-starter-3.1.1.jar;C:\Users\thanh.hoang\.m2\repository\org\springframework\boot\spring-boot\3.1.1\spring-boot-3.1.1.jar;C:\Users\thanh.hoang\.m2\repository\org\springframework\boot\spring-boot-autoconfigure\3.1.1\spring-boot-autoconfigure-3.1.1.jar;C:\Users\thanh.hoang\.m2\repository\org\springframework\boot\spring-boot-starter-logging\3.1.1\spring-boot-starter-logging-3.1.1.jar;C:\Users\thanh.hoang\.m2\repository\ch\qos\logback\logback-classic\1.4.8\logback-classic-1.4.8.jar;C:\Users\thanh.hoang\.m2\repository\ch\qos\logback\logback-core\1.4.8\logback-core-1.4.8.jar;C:\Users\thanh.hoang\.m2\repository\org\apache\logging\log4j\log4j-to-slf4j\2.20.0\log4j-to-slf4j-2.20.0.jar;C:\Users\thanh.hoang\.m2\repository\org\apache\logging\log4j\log4j-api\2.20.0\log4j-api-2.20.0.jar;C:\Users\thanh.hoang\.m2\repository\org\slf4j\jul-to-slf4j\2.0.7\jul-to-slf4j-2.0.7.jar;C:\Users\thanh.hoang\.m2\repository\jakarta\annotation\jakarta.annotation-api\2.1.1\jakarta.annotation-api-2.1.1.jar;C:\Users\thanh.hoang\.m2\repository\org\yaml\snakeyaml\1.33\snakeyaml-1.33.jar;C:\Users\thanh.hoang\.m2\repository\org\springframework\boot\spring-boot-starter-json\3.1.1\spring-boot-starter-json-3.1.1.jar;C:\Users\thanh.hoang\.m2\repository\com\fasterxml\jackson\core\jackson-databind\2.15.2\jackson-databind-2.15.2.jar;C:\Users\thanh.hoang\.m2\repository\com\fasterxml\jackson\core\jackson-annotations\2.15.2\jackson-annotations-2.15.2.jar;C:\Users\thanh.hoang\.m2\repository\com\fasterxml\jackson\core\jackson-core\2.15.2\jackson-core-2.15.2.jar;C:\Users\thanh.hoang\.m2\repository\com\fasterxml\jackson\datatype\jackson-datatype-jdk8\2.15.2\jackson-datatype-jdk8-2.15.2.jar;C:\Users\thanh.hoang\.m2\repository\com\fasterxml\jackson\datatype\jackson-datatype-jsr310\2.15.2\jackson-datatype-jsr310-2.15.2.jar;C:\Users\thanh.hoang\.m2\repository\com\fasterxml\jackson\module\jackson-module-parameter-names\2.15.2\jackson-module-parameter-names-2.15.2.jar;C:\Users\thanh.hoang\.m2\repository\org\springframework\boot\spring-boot-starter-tomcat\3.1.1\spring-boot-starter-tomcat-3.1.1.jar;C:\Users\thanh.hoang\.m2\repository\org\apache\tomcat\embed\tomcat-embed-core\10.1.10\tomcat-embed-core-10.1.10.jar;C:\Users\thanh.hoang\.m2\repository\org\apache\tomcat\embed\tomcat-embed-el\10.1.10\tomcat-embed-el-10.1.10.jar;C:\Users\thanh.hoang\.m2\repository\org\apache\tomcat\embed\tomcat-embed-websocket\10.1.10\tomcat-embed-websocket-10.1.10.jar;C:\Users\thanh.hoang\.m2\repository\org\springframework\spring-web\6.0.10\spring-web-6.0.10.jar;C:\Users\thanh.hoang\.m2\repository\org\springframework\spring-beans\6.0.10\spring-beans-6.0.10.jar;C:\Users\thanh.hoang\.m2\repository\io\micrometer\micrometer-observation\1.11.1\micrometer-observation-1.11.1.jar;C:\Users\thanh.hoang\.m2\repository\io\micrometer\micrometer-commons\1.11.1\micrometer-commons-1.11.1.jar;C:\Users\thanh.hoang\.m2\repository\org\springframework\spring-webmvc\6.0.10\spring-webmvc-6.0.10.jar;C:\Users\thanh.hoang\.m2\repository\org\springframework\spring-aop\6.0.10\spring-aop-6.0.10.jar;C:\Users\thanh.hoang\.m2\repository\org\springframework\spring-context\6.0.10\spring-context-6.0.10.jar;C:\Users\thanh.hoang\.m2\repository\org\springframework\spring-expression\6.0.10\spring-expression-6.0.10.jar;C:\Users\thanh.hoang\.m2\repository\org\junit\jupiter\junit-jupiter-engine\5.8.2\junit-jupiter-engine-5.8.2.jar;C:\Users\thanh.hoang\.m2\repository\org\junit\platform\junit-platform-engine\1.9.3\junit-platform-engine-1.9.3.jar;C:\Users\thanh.hoang\.m2\repository\org\opentest4j\opentest4j\1.2.0\opentest4j-1.2.0.jar;C:\Users\thanh.hoang\.m2\repository\org\junit\platform\junit-platform-commons\1.9.3\junit-platform-commons-1.9.3.jar;C:\Users\thanh.hoang\.m2\repository\org\junit\jupiter\junit-jupiter-api\5.9.3\junit-jupiter-api-5.9.3.jar;C:\Users\thanh.hoang\.m2\repository\org\apiguardian\apiguardian-api\1.1.2\apiguardian-api-1.1.2.jar;C:\Users\thanh.hoang\.m2\repository\org\springframework\boot\spring-boot-configuration-processor\3.1.1\spring-boot-configuration-processor-3.1.1.jar;C:\Users\thanh.hoang\.m2\repository\org\projectlombok\lombok\1.18.28\lombok-1.18.28.jar;C:\Users\thanh.hoang\.m2\repository\org\springframework\boot\spring-boot-starter-test\3.1.1\spring-boot-starter-test-3.1.1.jar;C:\Users\thanh.hoang\.m2\repository\org\springframework\boot\spring-boot-test\3.1.1\spring-boot-test-3.1.1.jar;C:\Users\thanh.hoang\.m2\repository\org\springframework\boot\spring-boot-test-autoconfigure\3.1.1\spring-boot-test-autoconfigure-3.1.1.jar;C:\Users\thanh.hoang\.m2\repository\com\jayway\jsonpath\json-path\2.8.0\json-path-2.8.0.jar;C:\Users\thanh.hoang\.m2\repository\org\slf4j\slf4j-api\2.0.7\slf4j-api-2.0.7.jar;C:\Users\thanh.hoang\.m2\repository\jakarta\xml\bind\jakarta.xml.bind-api\4.0.0\jakarta.xml.bind-api-4.0.0.jar;C:\Users\thanh.hoang\.m2\repository\jakarta\activation\jakarta.activation-api\2.1.2\jakarta.activation-api-2.1.2.jar;C:\Users\thanh.hoang\.m2\repository\net\minidev\json-smart\2.4.11\json-smart-2.4.11.jar;C:\Users\thanh.hoang\.m2\repository\net\minidev\accessors-smart\2.4.11\accessors-smart-2.4.11.jar;C:\Users\thanh.hoang\.m2\repository\org\ow2\asm\asm\9.3\asm-9.3.jar;C:\Users\thanh.hoang\.m2\repository\org\assertj\assertj-core\3.24.2\assertj-core-3.24.2.jar;C:\Users\thanh.hoang\.m2\repository\net\bytebuddy\byte-buddy\1.14.5\byte-buddy-1.14.5.jar;C:\Users\thanh.hoang\.m2\repository\org\hamcrest\hamcrest\2.2\hamcrest-2.2.jar;C:\Users\thanh.hoang\.m2\repository\org\junit\jupiter\junit-jupiter\5.9.3\junit-jupiter-5.9.3.jar;C:\Users\thanh.hoang\.m2\repository\org\junit\jupiter\junit-jupiter-params\5.9.3\junit-jupiter-params-5.9.3.jar;C:\Users\thanh.hoang\.m2\repository\org\mockito\mockito-core\5.3.1\mockito-core-5.3.1.jar;C:\Users\thanh.hoang\.m2\repository\net\bytebuddy\byte-buddy-agent\1.14.5\byte-buddy-agent-1.14.5.jar;C:\Users\thanh.hoang\.m2\repository\org\objenesis\objenesis\3.3\objenesis-3.3.jar;C:\Users\thanh.hoang\.m2\repository\org\mockito\mockito-junit-jupiter\5.3.1\mockito-junit-jupiter-5.3.1.jar;C:\Users\thanh.hoang\.m2\repository\org\skyscreamer\jsonassert\1.5.1\jsonassert-1.5.1.jar;C:\Users\thanh.hoang\.m2\repository\com\vaadin\external\google\android-json\0.0.20131108.vaadin1\android-json-0.0.20131108.vaadin1.jar;C:\Users\thanh.hoang\.m2\repository\org\springframework\spring-core\6.0.10\spring-core-6.0.10.jar;C:\Users\thanh.hoang\.m2\repository\org\springframework\spring-jcl\6.0.10\spring-jcl-6.0.10.jar;C:\Users\thanh.hoang\.m2\repository\org\springframework\spring-test\6.0.10\spring-test-6.0.10.jar;C:\Users\thanh.hoang\.m2\repository\org\xmlunit\xmlunit-core\2.9.1\xmlunit-core-2.9.1.jar;"/>
    <property name="java.vm.vendor" value="Oracle Corporation"/>
    <property name="sun.arch.data.model" value="64"/>
    <property name="user.variant" value=""/>
    <property name="java.vendor.url" value="https://java.oracle.com/"/>
    <property name="user.timezone" value="Asia/Bangkok"/>
    <property name="os.name" value="Windows 10"/>
    <property name="java.vm.specification.version" value="20"/>
    <property name="sun.java.launcher" value="SUN_STANDARD"/>
    <property name="user.country" value="US"/>
    <property name="sun.boot.library.path" value="C:\Program Files\Java\jdk-20\bin"/>
    <property name="sun.java.command" value="C:\Users\thanh.hoang\AppData\Local\Temp\surefire9492768498570192813\surefirebooter-20230626193257267_3.jar C:\Users\thanh.hoang\AppData\Local\Temp\surefire9492768498570192813 2023-06-26T19-32-55_925-jvmRun1 surefire-20230626193257267_1tmp surefire_0-20230626193257267_2tmp"/>
    <property name="jdk.debug" value="release"/>
    <property name="surefire.test.class.path" value="D:\THANHHOANG\4_Training\api-test-nab\target\test-classes;D:\THANHHOANG\4_Training\api-test-nab\target\classes;C:\Users\thanh.hoang\.m2\repository\org\springframework\boot\spring-boot-starter-web\3.1.1\spring-boot-starter-web-3.1.1.jar;C:\Users\thanh.hoang\.m2\repository\org\springframework\boot\spring-boot-starter\3.1.1\spring-boot-starter-3.1.1.jar;C:\Users\thanh.hoang\.m2\repository\org\springframework\boot\spring-boot\3.1.1\spring-boot-3.1.1.jar;C:\Users\thanh.hoang\.m2\repository\org\springframework\boot\spring-boot-autoconfigure\3.1.1\spring-boot-autoconfigure-3.1.1.jar;C:\Users\thanh.hoang\.m2\repository\org\springframework\boot\spring-boot-starter-logging\3.1.1\spring-boot-starter-logging-3.1.1.jar;C:\Users\thanh.hoang\.m2\repository\ch\qos\logback\logback-classic\1.4.8\logback-classic-1.4.8.jar;C:\Users\thanh.hoang\.m2\repository\ch\qos\logback\logback-core\1.4.8\logback-core-1.4.8.jar;C:\Users\thanh.hoang\.m2\repository\org\apache\logging\log4j\log4j-to-slf4j\2.20.0\log4j-to-slf4j-2.20.0.jar;C:\Users\thanh.hoang\.m2\repository\org\apache\logging\log4j\log4j-api\2.20.0\log4j-api-2.20.0.jar;C:\Users\thanh.hoang\.m2\repository\org\slf4j\jul-to-slf4j\2.0.7\jul-to-slf4j-2.0.7.jar;C:\Users\thanh.hoang\.m2\repository\jakarta\annotation\jakarta.annotation-api\2.1.1\jakarta.annotation-api-2.1.1.jar;C:\Users\thanh.hoang\.m2\repository\org\yaml\snakeyaml\1.33\snakeyaml-1.33.jar;C:\Users\thanh.hoang\.m2\repository\org\springframework\boot\spring-boot-starter-json\3.1.1\spring-boot-starter-json-3.1.1.jar;C:\Users\thanh.hoang\.m2\repository\com\fasterxml\jackson\core\jackson-databind\2.15.2\jackson-databind-2.15.2.jar;C:\Users\thanh.hoang\.m2\repository\com\fasterxml\jackson\core\jackson-annotations\2.15.2\jackson-annotations-2.15.2.jar;C:\Users\thanh.hoang\.m2\repository\com\fasterxml\jackson\core\jackson-core\2.15.2\jackson-core-2.15.2.jar;C:\Users\thanh.hoang\.m2\repository\com\fasterxml\jackson\datatype\jackson-datatype-jdk8\2.15.2\jackson-datatype-jdk8-2.15.2.jar;C:\Users\thanh.hoang\.m2\repository\com\fasterxml\jackson\datatype\jackson-datatype-jsr310\2.15.2\jackson-datatype-jsr310-2.15.2.jar;C:\Users\thanh.hoang\.m2\repository\com\fasterxml\jackson\module\jackson-module-parameter-names\2.15.2\jackson-module-parameter-names-2.15.2.jar;C:\Users\thanh.hoang\.m2\repository\org\springframework\boot\spring-boot-starter-tomcat\3.1.1\spring-boot-starter-tomcat-3.1.1.jar;C:\Users\thanh.hoang\.m2\repository\org\apache\tomcat\embed\tomcat-embed-core\10.1.10\tomcat-embed-core-10.1.10.jar;C:\Users\thanh.hoang\.m2\repository\org\apache\tomcat\embed\tomcat-embed-el\10.1.10\tomcat-embed-el-10.1.10.jar;C:\Users\thanh.hoang\.m2\repository\org\apache\tomcat\embed\tomcat-embed-websocket\10.1.10\tomcat-embed-websocket-10.1.10.jar;C:\Users\thanh.hoang\.m2\repository\org\springframework\spring-web\6.0.10\spring-web-6.0.10.jar;C:\Users\thanh.hoang\.m2\repository\org\springframework\spring-beans\6.0.10\spring-beans-6.0.10.jar;C:\Users\thanh.hoang\.m2\repository\io\micrometer\micrometer-observation\1.11.1\micrometer-observation-1.11.1.jar;C:\Users\thanh.hoang\.m2\repository\io\micrometer\micrometer-commons\1.11.1\micrometer-commons-1.11.1.jar;C:\Users\thanh.hoang\.m2\repository\org\springframework\spring-webmvc\6.0.10\spring-webmvc-6.0.10.jar;C:\Users\thanh.hoang\.m2\repository\org\springframework\spring-aop\6.0.10\spring-aop-6.0.10.jar;C:\Users\thanh.hoang\.m2\repository\org\springframework\spring-context\6.0.10\spring-context-6.0.10.jar;C:\Users\thanh.hoang\.m2\repository\org\springframework\spring-expression\6.0.10\spring-expression-6.0.10.jar;C:\Users\thanh.hoang\.m2\repository\org\junit\jupiter\junit-jupiter-engine\5.8.2\junit-jupiter-engine-5.8.2.jar;C:\Users\thanh.hoang\.m2\repository\org\junit\platform\junit-platform-engine\1.9.3\junit-platform-engine-1.9.3.jar;C:\Users\thanh.hoang\.m2\repository\org\opentest4j\opentest4j\1.2.0\opentest4j-1.2.0.jar;C:\Users\thanh.hoang\.m2\repository\org\junit\platform\junit-platform-commons\1.9.3\junit-platform-commons-1.9.3.jar;C:\Users\thanh.hoang\.m2\repository\org\junit\jupiter\junit-jupiter-api\5.9.3\junit-jupiter-api-5.9.3.jar;C:\Users\thanh.hoang\.m2\repository\org\apiguardian\apiguardian-api\1.1.2\apiguardian-api-1.1.2.jar;C:\Users\thanh.hoang\.m2\repository\org\springframework\boot\spring-boot-configuration-processor\3.1.1\spring-boot-configuration-processor-3.1.1.jar;C:\Users\thanh.hoang\.m2\repository\org\projectlombok\lombok\1.18.28\lombok-1.18.28.jar;C:\Users\thanh.hoang\.m2\repository\org\springframework\boot\spring-boot-starter-test\3.1.1\spring-boot-starter-test-3.1.1.jar;C:\Users\thanh.hoang\.m2\repository\org\springframework\boot\spring-boot-test\3.1.1\spring-boot-test-3.1.1.jar;C:\Users\thanh.hoang\.m2\repository\org\springframework\boot\spring-boot-test-autoconfigure\3.1.1\spring-boot-test-autoconfigure-3.1.1.jar;C:\Users\thanh.hoang\.m2\repository\com\jayway\jsonpath\json-path\2.8.0\json-path-2.8.0.jar;C:\Users\thanh.hoang\.m2\repository\org\slf4j\slf4j-api\2.0.7\slf4j-api-2.0.7.jar;C:\Users\thanh.hoang\.m2\repository\jakarta\xml\bind\jakarta.xml.bind-api\4.0.0\jakarta.xml.bind-api-4.0.0.jar;C:\Users\thanh.hoang\.m2\repository\jakarta\activation\jakarta.activation-api\2.1.2\jakarta.activation-api-2.1.2.jar;C:\Users\thanh.hoang\.m2\repository\net\minidev\json-smart\2.4.11\json-smart-2.4.11.jar;C:\Users\thanh.hoang\.m2\repository\net\minidev\accessors-smart\2.4.11\accessors-smart-2.4.11.jar;C:\Users\thanh.hoang\.m2\repository\org\ow2\asm\asm\9.3\asm-9.3.jar;C:\Users\thanh.hoang\.m2\repository\org\assertj\assertj-core\3.24.2\assertj-core-3.24.2.jar;C:\Users\thanh.hoang\.m2\repository\net\bytebuddy\byte-buddy\1.14.5\byte-buddy-1.14.5.jar;C:\Users\thanh.hoang\.m2\repository\org\hamcrest\hamcrest\2.2\hamcrest-2.2.jar;C:\Users\thanh.hoang\.m2\repository\org\junit\jupiter\junit-jupiter\5.9.3\junit-jupiter-5.9.3.jar;C:\Users\thanh.hoang\.m2\repository\org\junit\jupiter\junit-jupiter-params\5.9.3\junit-jupiter-params-5.9.3.jar;C:\Users\thanh.hoang\.m2\repository\org\mockito\mockito-core\5.3.1\mockito-core-5.3.1.jar;C:\Users\thanh.hoang\.m2\repository\net\bytebuddy\byte-buddy-agent\1.14.5\byte-buddy-agent-1.14.5.jar;C:\Users\thanh.hoang\.m2\repository\org\objenesis\objenesis\3.3\objenesis-3.3.jar;C:\Users\thanh.hoang\.m2\repository\org\mockito\mockito-junit-jupiter\5.3.1\mockito-junit-jupiter-5.3.1.jar;C:\Users\thanh.hoang\.m2\repository\org\skyscreamer\jsonassert\1.5.1\jsonassert-1.5.1.jar;C:\Users\thanh.hoang\.m2\repository\com\vaadin\external\google\android-json\0.0.20131108.vaadin1\android-json-0.0.20131108.vaadin1.jar;C:\Users\thanh.hoang\.m2\repository\org\springframework\spring-core\6.0.10\spring-core-6.0.10.jar;C:\Users\thanh.hoang\.m2\repository\org\springframework\spring-jcl\6.0.10\spring-jcl-6.0.10.jar;C:\Users\thanh.hoang\.m2\repository\org\springframework\spring-test\6.0.10\spring-test-6.0.10.jar;C:\Users\thanh.hoang\.m2\repository\org\xmlunit\xmlunit-core\2.9.1\xmlunit-core-2.9.1.jar;"/>
    <property name="sun.cpu.endian" value="little"/>
    <property name="user.home" value="C:\Users\thanh.hoang"/>
    <property name="user.language" value="en"/>
    <property name="java.specification.vendor" value="Oracle Corporation"/>
    <property name="java.version.date" value="2023-04-18"/>
    <property name="java.home" value="C:\Program Files\Java\jdk-20"/>
    <property name="file.separator" value="\"/>
    <property name="basedir" value="D:\THANHHOANG\4_Training\api-test-nab"/>
    <property name="style.color" value="always"/>
    <property name="java.vm.compressedOopsMode" value="32-bit"/>
    <property name="line.separator" value="&#10;"/>
    <property name="java.vm.specification.vendor" value="Oracle Corporation"/>
    <property name="java.specification.name" value="Java Platform API Specification"/>
    <property name="FILE_LOG_CHARSET" value="UTF-8"/>
    <property name="java.awt.headless" value="true"/>
    <property name="surefire.real.class.path" value="C:\Users\thanh.hoang\AppData\Local\Temp\surefire9492768498570192813\surefirebooter-20230626193257267_3.jar"/>
    <property name="user.script" value=""/>
    <property name="sun.management.compiler" value="HotSpot 64-Bit Tiered Compilers"/>
    <property name="java.runtime.version" value="20.0.1+9-29"/>
    <property name="user.name" value="thanh.hoang"/>
    <property name="stdout.encoding" value="Cp1252"/>
    <property name="path.separator" value=";"/>
    <property name="os.version" value="10.0"/>
    <property name="java.runtime.name" value="Java(TM) SE Runtime Environment"/>
    <property name="file.encoding" value="UTF-8"/>
    <property name="java.vm.name" value="Java HotSpot(TM) 64-Bit Server VM"/>
    <property name="localRepository" value="C:\Users\thanh.hoang\.m2\repository"/>
    <property name="java.vendor.url.bug" value="https://bugreport.java.com/bugreport/"/>
    <property name="java.io.tmpdir" value="C:\Users\THANH~1.HOA\AppData\Local\Temp\"/>
    <property name="java.version" value="20.0.1"/>
    <property name="user.dir" value="D:\THANHHOANG\4_Training\api-test-nab"/>
    <property name="os.arch" value="amd64"/>
    <property name="java.vm.specification.name" value="Java Virtual Machine Specification"/>
    <property name="PID" value="22296"/>
    <property name="sun.os.patch.level" value=""/>
    <property name="CONSOLE_LOG_CHARSET" value="UTF-8"/>
    <property name="native.encoding" value="Cp1252"/>
    <property name="java.library.path" value="C:\Program Files\Java\jdk-20\bin;C:\Windows\Sun\Java\bin;C:\Windows\system32;C:\Windows;C:\Program Files\Common Files\Oracle\Java\javapath;C:\Windows\system32;C:\Windows;C:\Windows\System32\Wbem;C:\Windows\System32\WindowsPowerShell\v1.0\;C:\Windows\System32\OpenSSH\;C:\Program Files\dotnet\;C:\Program Files\nodejs\;C:\Program Files\TortoiseGit\bin;C:\Program Files\Git\cmd;C:\Program Files\LogiGear\LicenseServer\binclient;C:\Program Files\LogiGear\TestArchitect\binclient;C:\Users\thanh.hoang\AppData\Local\Microsoft\WindowsApps;C:\Users\thanh.hoang\AppData\Local\Programs\Microsoft VS Code\bin;C:\Program Files\Azure Data Studio\bin;C:\Users\thanh.hoang\AppData\Roaming\npm;C:\allure-2.19.0\bin;C:\Program Files\LogiGear\LicenseServer\binclient;C:\Program Files\LogiGear\TestArchitect\binclient;."/>
    <property name="java.vm.info" value="mixed mode, sharing"/>
    <property name="stderr.encoding" value="Cp1252"/>
    <property name="java.vendor" value="Oracle Corporation"/>
    <property name="java.vm.version" value="20.0.1+9-29"/>
    <property name="sun.io.unicode.encoding" value="UnicodeLittle"/>
    <property name="java.class.version" value="64.0"/>
  </properties>
  <testcase name="searchWithSqlInjectionText(String)[1]" classname="com.nab.apitest.SecurityTest" time="0.303">
    <system-out><![CDATA[2023-06-26T19:33:04.850+07:00  INFO 22296 --- [           main] t.c.s.AnnotationConfigContextLoaderUtils : Could not detect default configuration classes for test class [com.nab.apitest.SecurityTest]: SecurityTest does not declare any static, non-private, non-final, nested classes annotated with @Configuration.
2023-06-26T19:33:04.853+07:00  INFO 22296 --- [           main] .b.t.c.SpringBootTestContextBootstrapper : Found @SpringBootConfiguration com.nab.apitest.ApiTestApplication for test class com.nab.apitest.SecurityTest
2023-06-26T19:33:04.864+07:00  INFO 22296 --- [           main] c.n.a.config.restclient.WikiRestClient   : Request with params: {format=json, action=query, list=search, formatversion=2, srqiprofile=engine_autoselect, srsearch=", srlimit=3, sroffset=0, srwhat=text, srsort=relevance}
2023-06-26T19:33:04.864+07:00  INFO 22296 --- [           main] c.n.a.config.restclient.WikiRestClient   : Request to URI: /w/api.php?format=json&action=query&list=search&formatversion=2&srqiprofile=engine_autoselect&srsearch="&srlimit=3&sroffset=0&srwhat=text&srsort=relevance
2023-06-26T19:33:05.160+07:00  INFO 22296 --- [           main] c.n.a.config.restclient.WikiRestClient   : Response: {batchcomplete=true, query={searchinfo={totalhits=1}, search=[{ns=0, title=Dấu ngoặc kép, pageid=15873440, size=46354, wordcount=1486, snippet=Dấu ngoặc kép (&quot;) còn được gọi là dấu trích dẫn (tiếng Anh: Quotation mark) là một loại dấu câu được sử dụng theo cặp gồm hai dấu nháy đơn (') đứng liền, timestamp=2023-06-14T22:53:50Z}]}}
]]></system-out>
  </testcase>
  <testcase name="searchWithSqlInjectionText(String)[2]" classname="com.nab.apitest.SecurityTest" time="0.283">
    <system-out><![CDATA[2023-06-26T19:33:05.167+07:00  INFO 22296 --- [           main] c.n.a.config.restclient.WikiRestClient   : Request with params: {format=json, action=query, list=search, formatversion=2, srqiprofile=engine_autoselect, srsearch=', srlimit=3, sroffset=0, srwhat=text, srsort=relevance}
2023-06-26T19:33:05.168+07:00  INFO 22296 --- [           main] c.n.a.config.restclient.WikiRestClient   : Request to URI: /w/api.php?format=json&action=query&list=search&formatversion=2&srqiprofile=engine_autoselect&srsearch='&srlimit=3&sroffset=0&srwhat=text&srsort=relevance
2023-06-26T19:33:05.446+07:00  INFO 22296 --- [           main] c.n.a.config.restclient.WikiRestClient   : Response: {batchcomplete=true, query={searchinfo={totalhits=0}, search=[]}}
]]></system-out>
  </testcase>
  <testcase name="searchWithSqlInjectionText(String)[3]" classname="com.nab.apitest.SecurityTest" time="0.287">
    <system-out><![CDATA[2023-06-26T19:33:05.452+07:00  INFO 22296 --- [           main] c.n.a.config.restclient.WikiRestClient   : Request with params: {format=json, action=query, list=search, formatversion=2, srqiprofile=engine_autoselect, srsearch=\, srlimit=3, sroffset=0, srwhat=text, srsort=relevance}
2023-06-26T19:33:05.452+07:00  INFO 22296 --- [           main] c.n.a.config.restclient.WikiRestClient   : Request to URI: /w/api.php?format=json&action=query&list=search&formatversion=2&srqiprofile=engine_autoselect&srsearch=\&srlimit=3&sroffset=0&srwhat=text&srsort=relevance
2023-06-26T19:33:05.736+07:00  INFO 22296 --- [           main] c.n.a.config.restclient.WikiRestClient   : Response: {batchcomplete=true, query={searchinfo={totalhits=0}, search=[]}}
]]></system-out>
  </testcase>
  <testcase name="searchWithSqlInjectionText(String)[4]" classname="com.nab.apitest.SecurityTest" time="0.335">
    <system-out><![CDATA[2023-06-26T19:33:05.743+07:00  INFO 22296 --- [           main] c.n.a.config.restclient.WikiRestClient   : Request with params: {format=json, action=query, list=search, formatversion=2, srqiprofile=engine_autoselect, srsearch=1' UNION SELECT 1,concat(user,':',password) FROM users;--, srlimit=3, sroffset=0, srwhat=text, srsort=relevance}
2023-06-26T19:33:05.743+07:00  INFO 22296 --- [           main] c.n.a.config.restclient.WikiRestClient   : Request to URI: /w/api.php?format=json&action=query&list=search&formatversion=2&srqiprofile=engine_autoselect&srsearch=1' UNION SELECT 1,concat(user,':',password) FROM users;--&srlimit=3&sroffset=0&srwhat=text&srsort=relevance
2023-06-26T19:33:06.073+07:00  INFO 22296 --- [           main] c.n.a.config.restclient.WikiRestClient   : Response: {batchcomplete=true, query={searchinfo={totalhits=0, suggestion=1 union selenat 1 conica user password from users, suggestionsnippet=1 union <em>selenat</em> 1 <em>conica</em> user password from users}, search=[]}}
]]></system-out>
  </testcase>
</testsuite>